<?xml version="1.0" encoding="UTF-8"?>
<testsuites name="jest tests" tests="6" failures="1" errors="0" time="0.733">
  <testsuite name="Character List without" errors="0" failures="1" skipped="5" timestamp="2024-04-18T12:35:32" time="0.538" tests="6">
    <testcase classname="Character List without should work msw" name="Character List without should work msw" time="0.005">
      <failure>TypeError: Failed to fetch
    at createNetworkError (/Users/encarna.amoros/MyProjects/rick-morty-app/node_modules/@mswjs/interceptors/src/interceptors/fetch/index.ts:206:24)
    at globalThis.fetch (/Users/encarna.amoros/MyProjects/rick-morty-app/node_modules/@mswjs/interceptors/src/interceptors/fetch/index.ts:116:31)</failure>
    </testcase>
    <testcase classname="Character List without should render a list of characters with pagination" name="Character List without should render a list of characters with pagination" time="0">
      <skipped/>
    </testcase>
    <testcase classname="Character List without should render the second page of the characters list" name="Character List without should render the second page of the characters list" time="0">
      <skipped/>
    </testcase>
    <testcase classname="Character List without should render the last page of the characters list" name="Character List without should render the last page of the characters list" time="0">
      <skipped/>
    </testcase>
    <testcase classname="Character List without should render the search of morty characters list without pagination" name="Character List without should render the search of morty characters list without pagination" time="0">
      <skipped/>
    </testcase>
    <testcase classname="Character List without should render the last search of rick characters list with pagination" name="Character List without should render the last search of rick characters list with pagination" time="0">
      <skipped/>
    </testcase>
  </testsuite>
</testsuites>