<?xml version="1.0" encoding="UTF-8"?>
<testsuites name="jest tests" tests="6" failures="0" errors="0" time="3.101">
  <testsuite name="Character Info" errors="0" failures="0" skipped="0" timestamp="2021-12-12T21:34:49" time="1.675" tests="2">
    <testcase classname="Character Info should render character info" name="Character Info should render character info" time="0.062">
    </testcase>
    <testcase classname="Character Info should render character info with unknown value" name="Character Info should render character info with unknown value" time="0.021">
    </testcase>
  </testsuite>
  <testsuite name="Character Location" errors="0" failures="0" skipped="0" timestamp="2021-12-12T21:34:49" time="1.719" tests="2">
    <testcase classname="Character Location should render character origin location" name="Character Location should render character origin location" time="0.075">
    </testcase>
    <testcase classname="Character Location should render character no origin location" name="Character Location should render character no origin location" time="0.02">
    </testcase>
  </testsuite>
  <testsuite name="Character detail" errors="0" failures="0" skipped="0" timestamp="2021-12-12T21:34:49" time="2.267" tests="2">
    <testcase classname="Character detail should render the detailf of a character" name="Character detail should render the detailf of a character" time="0.163">
    </testcase>
    <testcase classname="Character detail should render a empty character details data" name="Character detail should render a empty character details data" time="0.007">
    </testcase>
  </testsuite>
</testsuites>